2021-04-08 10:10:01,633 INFO com.capgemini.training.app.SpringDataJpaAppApplication [restartedMain] Starting SpringDataJpaAppApplication on RAMSAI-VAJRAPU with PID 5820 (E:\CapgeminiTrainerLab\spring-data-jpa-app\target\classes started by Ram Sai Vajrapu in E:\CapgeminiTrainerLab\spring-data-jpa-app)
2021-04-08 10:10:01,658 INFO com.capgemini.training.app.SpringDataJpaAppApplication [restartedMain] No active profile set, falling back to default profiles: default
2021-04-08 10:10:01,915 INFO org.springframework.boot.devtools.env.DevToolsPropertyDefaultsPostProcessor [restartedMain] Devtools property defaults active! Set 'spring.devtools.add-properties' to 'false' to disable
2021-04-08 10:10:01,915 INFO org.springframework.boot.devtools.env.DevToolsPropertyDefaultsPostProcessor [restartedMain] For additional web related logging consider setting the 'logging.level.web' property to 'DEBUG'
2021-04-08 10:10:05,027 INFO org.springframework.data.repository.config.RepositoryConfigurationDelegate [restartedMain] Bootstrapping Spring Data JPA repositories in DEFAULT mode.
2021-04-08 10:10:05,218 INFO org.springframework.data.repository.config.RepositoryConfigurationDelegate [restartedMain] Finished Spring Data repository scanning in 126ms. Found 1 JPA repository interfaces.
2021-04-08 10:10:08,573 INFO org.springframework.boot.web.embedded.tomcat.TomcatWebServer [restartedMain] Tomcat initialized with port(s): 8080 (http)
2021-04-08 10:10:08,618 INFO org.apache.coyote.http11.Http11NioProtocol [restartedMain] Initializing ProtocolHandler ["http-nio-8080"]
2021-04-08 10:10:08,618 INFO org.apache.catalina.core.StandardService [restartedMain] Starting service [Tomcat]
2021-04-08 10:10:08,619 INFO org.apache.catalina.core.StandardEngine [restartedMain] Starting Servlet engine: [Apache Tomcat/9.0.38]
2021-04-08 10:10:08,848 INFO org.apache.catalina.core.ContainerBase.[Tomcat].[localhost].[/springfox] [restartedMain] Initializing Spring embedded WebApplicationContext
2021-04-08 10:10:08,848 INFO org.springframework.boot.web.servlet.context.ServletWebServerApplicationContext [restartedMain] Root WebApplicationContext: initialization completed in 6932 ms
2021-04-08 10:10:09,792 INFO org.hibernate.jpa.internal.util.LogHelper [restartedMain] HHH000204: Processing PersistenceUnitInfo [name: default]
2021-04-08 10:10:10,013 INFO org.hibernate.Version [restartedMain] HHH000412: Hibernate ORM core version 5.4.21.Final
2021-04-08 10:10:10,505 INFO org.hibernate.annotations.common.Version [restartedMain] HCANN000001: Hibernate Commons Annotations {5.1.0.Final}
2021-04-08 10:10:11,409 INFO com.zaxxer.hikari.HikariDataSource [restartedMain] HikariPool-1 - Starting...
2021-04-08 10:10:12,229 INFO com.zaxxer.hikari.HikariDataSource [restartedMain] HikariPool-1 - Start completed.
2021-04-08 10:10:12,427 INFO org.hibernate.dialect.Dialect [restartedMain] HHH000400: Using dialect: org.hibernate.dialect.PostgreSQL10Dialect
2021-04-08 10:10:14,639 INFO org.hibernate.engine.transaction.jta.platform.internal.JtaPlatformInitiator [restartedMain] HHH000490: Using JtaPlatform implementation: [org.hibernate.engine.transaction.jta.platform.internal.NoJtaPlatform]
2021-04-08 10:10:14,648 INFO org.springframework.orm.jpa.LocalContainerEntityManagerFactoryBean [restartedMain] Initialized JPA EntityManagerFactory for persistence unit 'default'
2021-04-08 10:10:14,665 INFO org.springframework.boot.devtools.autoconfigure.OptionalLiveReloadServer [restartedMain] LiveReload server is running on port 35729
2021-04-08 10:10:16,185 WARN org.springframework.boot.autoconfigure.orm.jpa.JpaBaseConfiguration$JpaWebConfiguration [restartedMain] spring.jpa.open-in-view is enabled by default. Therefore, database queries may be performed during view rendering. Explicitly configure spring.jpa.open-in-view to disable this warning
2021-04-08 10:10:16,577 INFO org.springframework.boot.actuate.endpoint.web.EndpointLinksResolver [restartedMain] Exposing 2 endpoint(s) beneath base path '/actuator'
2021-04-08 10:10:17,324 INFO org.apache.coyote.http11.Http11NioProtocol [restartedMain] Starting ProtocolHandler ["http-nio-8080"]
2021-04-08 10:10:17,365 INFO org.springframework.boot.web.embedded.tomcat.TomcatWebServer [restartedMain] Tomcat started on port(s): 8080 (http) with context path '/springfox'
2021-04-08 10:10:17,802 INFO com.capgemini.training.app.SpringDataJpaAppApplication [restartedMain] Started SpringDataJpaAppApplication in 17.775 seconds (JVM running for 19.467)
2021-04-08 10:13:40,966 INFO org.apache.catalina.core.ContainerBase.[Tomcat].[localhost].[/springfox] [http-nio-8080-exec-1] Initializing Spring DispatcherServlet 'dispatcherServlet'
2021-04-08 10:13:40,967 INFO org.springframework.web.servlet.DispatcherServlet [http-nio-8080-exec-1] Initializing Servlet 'dispatcherServlet'
2021-04-08 10:13:40,993 INFO org.springframework.web.servlet.DispatcherServlet [http-nio-8080-exec-1] Completed initialization in 26 ms
